
/home/runner/work/exp-lagrange-method-iitb/exp-lagrange-method-iitb/experiment/simulation/common_libraries/js/ts_components/collapse_step.js
   1:10  warning  'show_step' is defined but never used                 no-unused-vars
   2:5   warning  '$' is not defined                                    no-undef
   3:9   warning  '$' is not defined                                    no-undef
   6:10  warning  'hide_step' is defined but never used                 no-unused-vars
   7:5   warning  '$' is not defined                                    no-undef
   8:9   warning  '$' is not defined                                    no-undef
  11:10  warning  'get_collapse_btn_text' is defined but never used     no-unused-vars
  20:10  warning  'get_collapse_btn_element' is defined but never used  no-unused-vars
  29:10  warning  'hide_all_steps' is defined but never used            no-unused-vars
  31:9   warning  '$' is not defined                                    no-undef

/home/runner/work/exp-lagrange-method-iitb/exp-lagrange-method-iitb/experiment/simulation/common_libraries/js/ts_components/matrix.js
   27:26  warning  'MathJax' is not defined                                no-undef
   32:7   warning  'Matrix_Without_String' is defined but never used       no-unused-vars
   52:26  warning  'MathJax' is not defined                                no-undef
   56:10  warning  'get_matrix_html' is defined but never used             no-unused-vars
   87:13  warning  'row_html' is assigned a value but never used           no-unused-vars
   99:10  warning  'get_matrix_html_with_title' is defined but never used  no-unused-vars
  131:13  warning  'row_html' is assigned a value but never used           no-unused-vars
  143:10  warning  'convert_2d_to_1d_vector' is defined but never used     no-unused-vars
  156:10  warning  'convert_1d_to_2d_matrix' is defined but never used     no-unused-vars

/home/runner/work/exp-lagrange-method-iitb/exp-lagrange-method-iitb/experiment/simulation/common_libraries/js/ts_components/pannel.js
  8:7  warning  'Pannel' is defined but never used  no-unused-vars

/home/runner/work/exp-lagrange-method-iitb/exp-lagrange-method-iitb/experiment/simulation/common_libraries/js/ts_components/questions.js
   6:17  warning  'op1' is assigned a value but never used      no-unused-vars
   7:17  warning  'op2' is assigned a value but never used      no-unused-vars
   8:17  warning  'op3' is assigned a value but never used      no-unused-vars
   9:17  warning  'op4' is assigned a value but never used      no-unused-vars
  94:7   warning  'Question_Options' is defined but never used  no-unused-vars

/home/runner/work/exp-lagrange-method-iitb/exp-lagrange-method-iitb/experiment/simulation/common_libraries/js/ts_components/tables.js
   19:22  warning  'verify_values' is not defined                                     no-undef
  137:22  warning  'verify_values' is not defined                                     no-undef
  260:7   warning  'Verify_Rows_Cols_6_decimal_places' is defined but never used      no-unused-vars
  311:22  warning  'verify_values' is not defined                                     no-undef
  416:7   warning  'Verify_Rows_Cols_Custom_Fixed_Update1' is defined but never used  no-unused-vars
  468:7   warning  'Show_Table_Custom_Fixed' is defined but never used                no-unused-vars
  506:7   warning  'Verify_Rows_Cols_Strings' is defined but never used               no-unused-vars
  527:22  warning  'verify_values' is not defined                                     no-undef
  663:7   warning  'Display_Table' is defined but never used                          no-unused-vars

/home/runner/work/exp-lagrange-method-iitb/exp-lagrange-method-iitb/experiment/simulation/common_libraries/js/ts_math_library/general_math_functions.js
    1:10  warning  'verify_values' is defined but never used                   no-unused-vars
   17:10  warning  'random1' is defined but never used                         no-unused-vars
   21:10  warning  'std_deviation' is defined but never used                   no-unused-vars
   26:10  warning  'gauss' is defined but never used                           no-unused-vars
   56:10  warning  'hide_panel' is defined but never used                      no-unused-vars
   63:10  warning  'inverse_matrix' is defined but never used                  no-unused-vars
   96:10  warning  'matrix_multiplication' is defined but never used           no-unused-vars
  113:10  warning  'transpose_matrix' is defined but never used                no-unused-vars
  123:10  warning  'matrix_multiplication_8decimal' is defined but never used  no-unused-vars
  140:10  warning  'adjoint_2x2_matrix' is defined but never used              no-unused-vars
  145:10  warning  'find_deteminant' is defined but never used                 no-unused-vars
  174:10  warning  'get_Submatrix' is defined but never used                   no-unused-vars

/home/runner/work/exp-lagrange-method-iitb/exp-lagrange-method-iitb/experiment/simulation/common_libraries/js/ts_math_library/regression.js
   1:10  warning  'regression_linear' is defined but never used            no-unused-vars
  18:10  warning  'regression_linear_1variable' is defined but never used  no-unused-vars
  27:10  warning  'regression_linear_2variable' is defined but never used  no-unused-vars
  52:11  warning  'gauss' is not defined                                   no-undef

/home/runner/work/exp-lagrange-method-iitb/exp-lagrange-method-iitb/experiment/simulation/common_libraries/math.ob.js
  1:745  warning  'b' is already defined  no-redeclare

/home/runner/work/exp-lagrange-method-iitb/exp-lagrange-method-iitb/experiment/simulation/js/activity1.js
   19:24   warning  'MathJax' is not defined                no-undef
   22:10   warning  'start_act1' is defined but never used  no-unused-vars
   27:20   warning  'get_collapse_btn_text' is not defined  no-undef
   47:104  warning  'x' is not defined                      no-undef
   65:5    warning  'hide_all_steps' is not defined         no-undef
   66:5    warning  'show_step' is not defined              no-undef
   69:24   warning  'MathJax' is not defined                no-undef
   72:5    warning  'l10' is not defined                    no-undef
   72:16   warning  'x' is not defined                      no-undef
   72:20   warning  'X' is not defined                      no-undef
   72:27   warning  'X' is not defined                      no-undef
   72:37   warning  'X' is not defined                      no-undef
   72:44   warning  'X' is not defined                      no-undef
   72:53   warning  'X' is not defined                      no-undef
   72:60   warning  'X' is not defined                      no-undef
   73:5    warning  'l11' is not defined                    no-undef
   73:16   warning  'x' is not defined                      no-undef
   73:20   warning  'X' is not defined                      no-undef
   73:27   warning  'X' is not defined                      no-undef
   73:37   warning  'X' is not defined                      no-undef
   73:44   warning  'X' is not defined                      no-undef
   73:53   warning  'X' is not defined                      no-undef
   73:60   warning  'X' is not defined                      no-undef
   74:5    warning  'l12' is not defined                    no-undef
   74:16   warning  'x' is not defined                      no-undef
   74:20   warning  'X' is not defined                      no-undef
   74:27   warning  'X' is not defined                      no-undef
   74:37   warning  'X' is not defined                      no-undef
   74:44   warning  'X' is not defined                      no-undef
   74:53   warning  'X' is not defined                      no-undef
   74:60   warning  'X' is not defined                      no-undef
   75:5    warning  'f1' is not defined                     no-undef
   75:10   warning  'Y' is not defined                      no-undef
   75:17   warning  'l10' is not defined                    no-undef
   75:23   warning  'Y' is not defined                      no-undef
   75:30   warning  'l11' is not defined                    no-undef
   75:36   warning  'Y' is not defined                      no-undef
   75:43   warning  'l12' is not defined                    no-undef
   80:5    warning  'tb_data' is not defined                no-undef
   82:44   warning  'X' is not defined                      no-undef
   83:9    warning  'tb_data' is not defined                no-undef
   83:49   warning  'Y' is not defined                      no-undef
   85:18   warning  'Display_Table' is not defined          no-undef
   85:40   warning  'tb_data' is not defined                no-undef
   88:10   warning  'verify_a1' is defined but never used   no-unused-vars
   90:26   warning  'l10' is not defined                    no-undef
   90:40   warning  'l11' is not defined                    no-undef
   90:54   warning  'l12' is not defined                    no-undef
   90:66   warning  'f1' is not defined                     no-undef
   99:10   warning  'verify_values' is not defined          no-undef
   99:47   warning  'l10' is not defined                    no-undef
  103:10   warning  'verify_values' is not defined          no-undef
  103:48   warning  'l11' is not defined                    no-undef
  107:10   warning  'verify_values' is not defined          no-undef
  107:48   warning  'l12' is not defined                    no-undef
  111:10   warning  'verify_values' is not defined          no-undef
  111:48   warning  'f1' is not defined                     no-undef
  117:23   warning  'l10' is not defined                    no-undef
  119:24   warning  'l11' is not defined                    no-undef
  121:24   warning  'l12' is not defined                    no-undef
  123:24   warning  'f1' is not defined                     no-undef
  125:5    warning  'activity2' is not defined              no-undef

/home/runner/work/exp-lagrange-method-iitb/exp-lagrange-method-iitb/experiment/simulation/js/activity2.js
    1:10  warning  'activity2' is defined but never used   no-unused-vars
   16:5   warning  'maindiv' is not defined                no-undef
   17:24  warning  'MathJax' is not defined                no-undef
   20:10  warning  'start_act2' is defined but never used  no-unused-vars
   25:20  warning  'get_collapse_btn_text' is not defined  no-undef
   56:5   warning  'maindiv' is not defined                no-undef
   57:5   warning  'show_step' is not defined              no-undef
   59:24  warning  'MathJax' is not defined                no-undef
   62:5   warning  'l20' is not defined                    no-undef
   62:19  warning  'X' is not defined                      no-undef
   62:26  warning  'X' is not defined                      no-undef
   62:35  warning  'X' is not defined                      no-undef
   62:42  warning  'X' is not defined                      no-undef
   63:5   warning  'l21' is not defined                    no-undef
   63:19  warning  'X' is not defined                      no-undef
   63:26  warning  'X' is not defined                      no-undef
   63:35  warning  'X' is not defined                      no-undef
   63:42  warning  'X' is not defined                      no-undef
   64:5   warning  'l22' is not defined                    no-undef
   64:19  warning  'X' is not defined                      no-undef
   64:26  warning  'X' is not defined                      no-undef
   64:35  warning  'X' is not defined                      no-undef
   64:42  warning  'X' is not defined                      no-undef
   65:5   warning  'f2' is not defined                     no-undef
   65:10  warning  'Y' is not defined                      no-undef
   65:17  warning  'l20' is not defined                    no-undef
   65:23  warning  'Y' is not defined                      no-undef
   65:30  warning  'l21' is not defined                    no-undef
   65:36  warning  'Y' is not defined                      no-undef
   65:43  warning  'l22' is not defined                    no-undef
   67:10  warning  'verify_a2' is defined but never used   no-unused-vars
   69:26  warning  'l20' is not defined                    no-undef
   69:40  warning  'l21' is not defined                    no-undef
   69:54  warning  'l22' is not defined                    no-undef
   69:66  warning  'f2' is not defined                     no-undef
   78:10  warning  'verify_values' is not defined          no-undef
   78:47  warning  'l20' is not defined                    no-undef
   82:10  warning  'verify_values' is not defined          no-undef
   82:48  warning  'l21' is not defined                    no-undef
   86:10  warning  'verify_values' is not defined          no-undef
   86:48  warning  'l22' is not defined                    no-undef
   90:10  warning  'verify_values' is not defined          no-undef
   90:48  warning  'f2' is not defined                     no-undef
   96:23  warning  'l20' is not defined                    no-undef
   98:24  warning  'l21' is not defined                    no-undef
  100:24  warning  'l22' is not defined                    no-undef
  102:24  warning  'f2' is not defined                     no-undef

/home/runner/work/exp-lagrange-method-iitb/exp-lagrange-method-iitb/experiment/simulation/js/data.js
   2:5  warning  'tb_data' is assigned a value but never used  no-unused-vars
   4:5  warning  'l10' is assigned a value but never used      no-unused-vars
   5:5  warning  'l11' is assigned a value but never used      no-unused-vars
   6:5  warning  'l12' is assigned a value but never used      no-unused-vars
   7:5  warning  'f1' is assigned a value but never used       no-unused-vars
   8:5  warning  'l20' is assigned a value but never used      no-unused-vars
   9:5  warning  'l21' is assigned a value but never used      no-unused-vars
  10:5  warning  'l22' is assigned a value but never used      no-unused-vars
  11:5  warning  'f2' is assigned a value but never used       no-unused-vars
  12:5  warning  'I_val' is assigned a value but never used    no-unused-vars
  21:5  warning  'y' is assigned a value but never used        no-unused-vars

/home/runner/work/exp-lagrange-method-iitb/exp-lagrange-method-iitb/experiment/simulation/js/gauss_ele.js
  42:10  warning  'gauss_ele' is defined but never used  no-unused-vars

/home/runner/work/exp-lagrange-method-iitb/exp-lagrange-method-iitb/experiment/simulation/js/screen_size.js
  1:10  warning  'set_screen_size' is defined but never used  no-unused-vars

/home/runner/work/exp-lagrange-method-iitb/exp-lagrange-method-iitb/experiment/simulation/js/trap.js
   4:10  warning  'generate_data' is defined but never used  no-unused-vars
  13:10  warning  'trap' is defined but never used           no-unused-vars
  21:10  warning  'sim1by3' is defined but never used        no-unused-vars
  29:10  warning  'sim3by8' is defined but never used        no-unused-vars

✖ 177 problems (0 errors, 177 warnings)

